1587888607235	geckodriver	INFO	geckodriver 0.19.1
1587888607243	geckodriver	INFO	Listening on 127.0.0.1:56987
1587888607365	geckodriver	INFO	geckodriver 0.19.1
1587888607368	geckodriver	INFO	Listening on 127.0.0.1:39735
1587888608385	mozrunner::runner	INFO	Running command: "/usr/bin/firefox" "-marionette" "-headless" "-profile" "/tmp/rust_mozprofile.UCeU9m7SOkE3"
*** You are running in headless mode.
1587888608581	mozrunner::runner	INFO	Running command: "/usr/bin/firefox" "-marionette" "-headless" "-profile" "/tmp/rust_mozprofile.m7qiv2a7tjSF"
*** You are running in headless mode.
1587888609215	addons.webextension.doh-rollout@mozilla.org	WARN	Loading extension 'doh-rollout@mozilla.org': Reading manifest: Invalid extension permission: networkStatus
1587888609233	addons.webextension.doh-rollout@mozilla.org	WARN	Loading extension 'doh-rollout@mozilla.org': Reading manifest: Invalid extension permission: networkStatus
1587888609935	addons.webextension.screenshots@mozilla.org	WARN	Loading extension 'screenshots@mozilla.org': Reading manifest: Invalid extension permission: mozillaAddons
1587888609936	addons.webextension.screenshots@mozilla.org	WARN	Loading extension 'screenshots@mozilla.org': Reading manifest: Invalid extension permission: telemetry
1587888609936	addons.webextension.screenshots@mozilla.org	WARN	Loading extension 'screenshots@mozilla.org': Reading manifest: Invalid extension permission: resource://pdf.js/
1587888609936	addons.webextension.screenshots@mozilla.org	WARN	Loading extension 'screenshots@mozilla.org': Reading manifest: Invalid extension permission: about:reader*
1587888609938	addons.webextension.screenshots@mozilla.org	WARN	Loading extension 'screenshots@mozilla.org': Reading manifest: Invalid extension permission: mozillaAddons
1587888609938	addons.webextension.screenshots@mozilla.org	WARN	Loading extension 'screenshots@mozilla.org': Reading manifest: Invalid extension permission: telemetry
1587888609939	addons.webextension.screenshots@mozilla.org	WARN	Loading extension 'screenshots@mozilla.org': Reading manifest: Invalid extension permission: resource://pdf.js/
1587888609940	addons.webextension.screenshots@mozilla.org	WARN	Loading extension 'screenshots@mozilla.org': Reading manifest: Invalid extension permission: about:reader*
1587888610161	Marionette	TRACE	Marionette enabled
1587888610161	Marionette	TRACE	Marionette enabled
1587888610244	Marionette	TRACE	Received observer notification toplevel-window-ready
1587888610244	Marionette	TRACE	Received observer notification toplevel-window-ready
1587888612974	Marionette	TRACE	Received observer notification marionette-startup-requested
1587888612975	Marionette	TRACE	Waiting until startup recorder finished recording startup scripts...
1587888612984	Marionette	TRACE	Received observer notification marionette-startup-requested
1587888612984	Marionette	TRACE	Waiting until startup recorder finished recording startup scripts...
1587888612995	Marionette	TRACE	All scripts recorded.
1587888612995	Marionette	DEBUG	Setting recommended pref app.update.disabledForTesting to true
1587888612996	Marionette	DEBUG	Setting recommended pref browser.contentblocking.introCount to 99
1587888612996	Marionette	DEBUG	Setting recommended pref browser.tabs.remote.separatePrivilegedContentProcess to false
1587888612996	Marionette	DEBUG	Setting recommended pref browser.tabs.unloadOnLowMemory to false
1587888612996	Marionette	DEBUG	Setting recommended pref datareporting.policy.dataSubmissionPolicyAccepted to false
1587888612997	Marionette	DEBUG	Setting recommended pref dom.disable_beforeunload to true
1587888612997	Marionette	DEBUG	Setting recommended pref dom.push.connection.enabled to false
1587888612998	Marionette	DEBUG	Setting recommended pref privacy.trackingprotection.enabled to false
1587888612998	Marionette	DEBUG	Setting recommended pref security.certerrors.mitm.priming.enabled to false
1587888612999	Marionette	DEBUG	Setting recommended pref toolkit.cosmeticAnimations.enabled to false
1587888613006	Marionette	TRACE	All scripts recorded.
1587888613006	Marionette	DEBUG	Setting recommended pref app.update.disabledForTesting to true
1587888613007	Marionette	DEBUG	Setting recommended pref browser.contentblocking.introCount to 99
1587888613007	Marionette	DEBUG	Setting recommended pref browser.tabs.remote.separatePrivilegedContentProcess to false
1587888613007	Marionette	DEBUG	Setting recommended pref browser.tabs.unloadOnLowMemory to false
1587888613007	Marionette	DEBUG	Setting recommended pref datareporting.policy.dataSubmissionPolicyAccepted to false
1587888613007	Marionette	DEBUG	Setting recommended pref dom.disable_beforeunload to true
1587888613008	Marionette	DEBUG	Setting recommended pref dom.push.connection.enabled to false
1587888613008	Marionette	DEBUG	Setting recommended pref privacy.trackingprotection.enabled to false
1587888613008	Marionette	DEBUG	Setting recommended pref security.certerrors.mitm.priming.enabled to false
1587888613009	Marionette	DEBUG	Setting recommended pref toolkit.cosmeticAnimations.enabled to false
1587888613045	Marionette	INFO	Listening on port 38985
1587888613046	Marionette	DEBUG	Marionette is listening
1587888613050	Marionette	INFO	Listening on port 42373
1587888613051	Marionette	DEBUG	Marionette is listening
1587888613102	Marionette	DEBUG	Accepted connection 0 from 127.0.0.1:40988
1587888613103	Marionette	DEBUG	0 -> [0,1,"newSession",{"acceptInsecureCerts":true,"browserName":"firefox","capabilities":{"desiredCapabilities":{"acceptInsecureCerts":true,"browserName":"firefox"}}}]
1587888613104	Marionette	DEBUG	0 <- [1,1,{"error":"unknown command","message":"newSession","stacktrace":"WebDriverError@chrome://marionette/content/error.js:175: ... t@chrome://marionette/content/server.js:249:9\n_onJSONObjectReady/<@chrome://marionette/content/transport.js:501:20\n"},null]
1587888613110	Marionette	DEBUG	Accepted connection 0 from 127.0.0.1:53564
1587888613112	Marionette	DEBUG	0 -> [0,1,"newSession",{"acceptInsecureCerts":true,"browserName":"firefox","capabilities":{"desiredCapabilities":{"acceptInsecureCerts":true,"browserName":"firefox"}}}]
1587888613112	Marionette	DEBUG	0 <- [1,1,{"error":"unknown command","message":"newSession","stacktrace":"WebDriverError@chrome://marionette/content/error.js:175: ... t@chrome://marionette/content/server.js:249:9\n_onJSONObjectReady/<@chrome://marionette/content/transport.js:501:20\n"},null]
Exiting due to channel error.
Exiting due to channel error.
Exiting due to channel error.
Exiting due to channel error.
Exiting due to channel error.
Exiting due to channel error.
1587888709258	geckodriver	INFO	geckodriver 0.19.1
1587888709261	geckodriver	INFO	Listening on 127.0.0.1:42545
1587888710405	mozrunner::runner	INFO	Running command: "/usr/bin/firefox" "-marionette" "-headless" "-profile" "/tmp/rust_mozprofile.mtC092wSZK2l"
*** You are running in headless mode.
1587888710722	addons.webextension.doh-rollout@mozilla.org	WARN	Loading extension 'doh-rollout@mozilla.org': Reading manifest: Invalid extension permission: networkStatus
1587888711259	addons.webextension.screenshots@mozilla.org	WARN	Loading extension 'screenshots@mozilla.org': Reading manifest: Invalid extension permission: mozillaAddons
1587888711260	addons.webextension.screenshots@mozilla.org	WARN	Loading extension 'screenshots@mozilla.org': Reading manifest: Invalid extension permission: telemetry
1587888711260	addons.webextension.screenshots@mozilla.org	WARN	Loading extension 'screenshots@mozilla.org': Reading manifest: Invalid extension permission: resource://pdf.js/
1587888711260	addons.webextension.screenshots@mozilla.org	WARN	Loading extension 'screenshots@mozilla.org': Reading manifest: Invalid extension permission: about:reader*
1587888711361	Marionette	TRACE	Marionette enabled
1587888711400	Marionette	TRACE	Received observer notification toplevel-window-ready
1587888713182	Marionette	TRACE	Received observer notification marionette-startup-requested
1587888713182	Marionette	TRACE	Waiting until startup recorder finished recording startup scripts...
1587888713192	Marionette	TRACE	All scripts recorded.
1587888713192	Marionette	DEBUG	Setting recommended pref app.update.disabledForTesting to true
1587888713193	Marionette	DEBUG	Setting recommended pref browser.contentblocking.introCount to 99
1587888713193	Marionette	DEBUG	Setting recommended pref browser.tabs.remote.separatePrivilegedContentProcess to false
1587888713193	Marionette	DEBUG	Setting recommended pref browser.tabs.unloadOnLowMemory to false
1587888713193	Marionette	DEBUG	Setting recommended pref datareporting.policy.dataSubmissionPolicyAccepted to false
1587888713194	Marionette	DEBUG	Setting recommended pref dom.disable_beforeunload to true
1587888713194	Marionette	DEBUG	Setting recommended pref dom.push.connection.enabled to false
1587888713194	Marionette	DEBUG	Setting recommended pref privacy.trackingprotection.enabled to false
1587888713194	Marionette	DEBUG	Setting recommended pref security.certerrors.mitm.priming.enabled to false
1587888713194	Marionette	DEBUG	Setting recommended pref toolkit.cosmeticAnimations.enabled to false
1587888713259	Marionette	INFO	Listening on port 44437
1587888713259	Marionette	DEBUG	Marionette is listening
1587888713325	Marionette	DEBUG	Accepted connection 0 from 127.0.0.1:60428
1587888713335	Marionette	DEBUG	0 -> [0,1,"newSession",{"acceptInsecureCerts":true,"browserName":"firefox","capabilities":{"desiredCapabilities":{"acceptInsecureCerts":true,"browserName":"firefox"}}}]
1587888713335	Marionette	DEBUG	0 <- [1,1,{"error":"unknown command","message":"newSession","stacktrace":"WebDriverError@chrome://marionette/content/error.js:175: ... t@chrome://marionette/content/server.js:249:9\n_onJSONObjectReady/<@chrome://marionette/content/transport.js:501:20\n"},null]
Exiting due to channel error.
Exiting due to channel error.
Exiting due to channel error.
1587888809869	geckodriver	INFO	geckodriver 0.19.1
1587888809874	geckodriver	INFO	Listening on 127.0.0.1:41805
1587888811001	mozrunner::runner	INFO	Running command: "/usr/bin/firefox" "-marionette" "-headless" "-profile" "/tmp/rust_mozprofile.wXpnTY1LaHZL"
*** You are running in headless mode.
1587888811302	addons.webextension.doh-rollout@mozilla.org	WARN	Loading extension 'doh-rollout@mozilla.org': Reading manifest: Invalid extension permission: networkStatus
1587888811843	addons.webextension.screenshots@mozilla.org	WARN	Loading extension 'screenshots@mozilla.org': Reading manifest: Invalid extension permission: mozillaAddons
1587888811843	addons.webextension.screenshots@mozilla.org	WARN	Loading extension 'screenshots@mozilla.org': Reading manifest: Invalid extension permission: telemetry
1587888811843	addons.webextension.screenshots@mozilla.org	WARN	Loading extension 'screenshots@mozilla.org': Reading manifest: Invalid extension permission: resource://pdf.js/
1587888811844	addons.webextension.screenshots@mozilla.org	WARN	Loading extension 'screenshots@mozilla.org': Reading manifest: Invalid extension permission: about:reader*
1587888811946	Marionette	TRACE	Marionette enabled
1587888811985	Marionette	TRACE	Received observer notification toplevel-window-ready
1587888813603	Marionette	TRACE	Received observer notification marionette-startup-requested
1587888813604	Marionette	TRACE	Waiting until startup recorder finished recording startup scripts...
1587888813631	Marionette	TRACE	All scripts recorded.
1587888813632	Marionette	DEBUG	Setting recommended pref app.update.disabledForTesting to true
1587888813633	Marionette	DEBUG	Setting recommended pref browser.contentblocking.introCount to 99
1587888813633	Marionette	DEBUG	Setting recommended pref browser.tabs.remote.separatePrivilegedContentProcess to false
1587888813634	Marionette	DEBUG	Setting recommended pref browser.tabs.unloadOnLowMemory to false
1587888813634	Marionette	DEBUG	Setting recommended pref datareporting.policy.dataSubmissionPolicyAccepted to false
1587888813634	Marionette	DEBUG	Setting recommended pref dom.disable_beforeunload to true
1587888813635	Marionette	DEBUG	Setting recommended pref dom.push.connection.enabled to false
1587888813635	Marionette	DEBUG	Setting recommended pref privacy.trackingprotection.enabled to false
1587888813635	Marionette	DEBUG	Setting recommended pref security.certerrors.mitm.priming.enabled to false
1587888813636	Marionette	DEBUG	Setting recommended pref toolkit.cosmeticAnimations.enabled to false
1587888813692	Marionette	INFO	Listening on port 32903
1587888813693	Marionette	DEBUG	Marionette is listening
1587888813758	Marionette	DEBUG	Accepted connection 0 from 127.0.0.1:34500
1587888813768	Marionette	DEBUG	0 -> [0,1,"newSession",{"acceptInsecureCerts":true,"browserName":"firefox","capabilities":{"desiredCapabilities":{"acceptInsecureCerts":true,"browserName":"firefox"}}}]
1587888813769	Marionette	DEBUG	0 <- [1,1,{"error":"unknown command","message":"newSession","stacktrace":"WebDriverError@chrome://marionette/content/error.js:175: ... t@chrome://marionette/content/server.js:249:9\n_onJSONObjectReady/<@chrome://marionette/content/transport.js:501:20\n"},null]
Exiting due to channel error.
Exiting due to channel error.
Exiting due to channel error.
1587889041989	geckodriver	INFO	geckodriver 0.19.1
1587889041994	geckodriver	INFO	Listening on 127.0.0.1:34705
1587889043113	mozrunner::runner	INFO	Running command: "/usr/bin/firefox" "-marionette" "-profile" "/tmp/rust_mozprofile.x5BkxPWfXyuf"
1587889043501	addons.webextension.doh-rollout@mozilla.org	WARN	Loading extension 'doh-rollout@mozilla.org': Reading manifest: Invalid extension permission: networkStatus
1587889044075	addons.webextension.screenshots@mozilla.org	WARN	Loading extension 'screenshots@mozilla.org': Reading manifest: Invalid extension permission: mozillaAddons
1587889044075	addons.webextension.screenshots@mozilla.org	WARN	Loading extension 'screenshots@mozilla.org': Reading manifest: Invalid extension permission: telemetry
1587889044075	addons.webextension.screenshots@mozilla.org	WARN	Loading extension 'screenshots@mozilla.org': Reading manifest: Invalid extension permission: resource://pdf.js/
1587889044076	addons.webextension.screenshots@mozilla.org	WARN	Loading extension 'screenshots@mozilla.org': Reading manifest: Invalid extension permission: about:reader*
1587889044185	Marionette	TRACE	Marionette enabled
1587889044326	Marionette	TRACE	Received observer notification toplevel-window-ready
1587889046094	Marionette	TRACE	Received observer notification marionette-startup-requested
1587889046095	Marionette	TRACE	Waiting until startup recorder finished recording startup scripts...
1587889046191	Marionette	TRACE	All scripts recorded.
1587889046191	Marionette	DEBUG	Setting recommended pref app.update.disabledForTesting to true
1587889046191	Marionette	DEBUG	Setting recommended pref browser.contentblocking.introCount to 99
1587889046192	Marionette	DEBUG	Setting recommended pref browser.tabs.remote.separatePrivilegedContentProcess to false
1587889046192	Marionette	DEBUG	Setting recommended pref browser.tabs.unloadOnLowMemory to false
1587889046192	Marionette	DEBUG	Setting recommended pref datareporting.policy.dataSubmissionPolicyAccepted to false
1587889046192	Marionette	DEBUG	Setting recommended pref dom.disable_beforeunload to true
1587889046193	Marionette	DEBUG	Setting recommended pref dom.push.connection.enabled to false
1587889046193	Marionette	DEBUG	Setting recommended pref privacy.trackingprotection.enabled to false
1587889046193	Marionette	DEBUG	Setting recommended pref security.certerrors.mitm.priming.enabled to false
1587889046193	Marionette	DEBUG	Setting recommended pref toolkit.cosmeticAnimations.enabled to false
1587889046251	Marionette	INFO	Listening on port 40329
1587889046252	Marionette	DEBUG	Marionette is listening
1587889046322	Marionette	DEBUG	Accepted connection 0 from 127.0.0.1:50346
1587889046324	Marionette	DEBUG	0 -> [0,1,"newSession",{"acceptInsecureCerts":true,"browserName":"firefox","capabilities":{"desiredCapabilities":{"acceptInsecureCerts":true,"browserName":"firefox"}}}]
1587889046324	Marionette	DEBUG	0 <- [1,1,{"error":"unknown command","message":"newSession","stacktrace":"WebDriverError@chrome://marionette/content/error.js:175: ... t@chrome://marionette/content/server.js:249:9\n_onJSONObjectReady/<@chrome://marionette/content/transport.js:501:20\n"},null]
Exiting due to channel error.
[GFX1-]: Receive IPC close with reason=AbnormalShutdown
Exiting due to channel error.
Exiting due to channel error.
