\BOOKMARK [1][-]{section*.1}{Distributions}{}% 1
\BOOKMARK [2][-]{section*.2}{Discrete}{section*.1}% 2
\BOOKMARK [2][-]{section*.3}{Continuous}{section*.1}% 3
\BOOKMARK [1][-]{section*.4}{Concepts}{}% 4
\BOOKMARK [1][-]{section*.5}{Model Evaluation}{}% 5
\BOOKMARK [2][-]{section*.6}{Regression}{section*.5}% 6
\BOOKMARK [2][-]{section*.7}{Classification}{section*.5}% 7
\BOOKMARK [1][-]{section*.8}{Linear Regression}{}% 8
\BOOKMARK [1][-]{section*.9}{Logistic Regression}{}% 9
\BOOKMARK [1][-]{section*.10}{Decision Trees}{}% 10
\BOOKMARK [2][-]{section*.11}{Classification and Regression Tree}{section*.10}% 11
\BOOKMARK [2][-]{section*.12}{Random Forest}{section*.10}% 12
\BOOKMARK [1][-]{section*.13}{Support Vector Machines}{}% 13
\BOOKMARK [2][-]{section*.14}{Multiclass Prediction}{section*.13}% 14
\BOOKMARK [1][-]{section*.15}{k-Nearest Neighbors}{}% 15
\BOOKMARK [1][-]{section*.16}{Clustering}{}% 16
\BOOKMARK [2][-]{section*.17}{k-Means}{section*.16}% 17
\BOOKMARK [2][-]{section*.18}{Hierarchical Clustering}{section*.16}% 18
\BOOKMARK [1][-]{section*.19}{Dimension Reduction}{}% 19
\BOOKMARK [2][-]{section*.20}{Principal Component Analysis}{section*.19}% 20
\BOOKMARK [2][-]{section*.21}{Linear Discriminant Analysis}{section*.19}% 21
\BOOKMARK [2][-]{section*.22}{Factor Analysis}{section*.19}% 22
\BOOKMARK [1][-]{section*.23}{Natural Language Processing}{}% 23
\BOOKMARK [2][-]{section*.24}{Word Embedding}{section*.23}% 24
\BOOKMARK [2][-]{section*.25}{Sentiment Analysis}{section*.23}% 25
\BOOKMARK [2][-]{section*.26}{Topic Modelling}{section*.23}% 26
\BOOKMARK [1][-]{section*.27}{Neural Network}{}% 27
\BOOKMARK [1][-]{section*.28}{Convolutional Neural Network}{}% 28
\BOOKMARK [1][-]{section*.29}{Recurrent Neural Network}{}% 29
\BOOKMARK [1][-]{section*.30}{Attention and Transformers}{}% 30
\BOOKMARK [1][-]{section*.31}{Boosting}{}% 31
\BOOKMARK [1][-]{section*.32}{Recommender Systems}{}% 32
\BOOKMARK [1][-]{section*.33}{Reinforcement Learning}{}% 33
\BOOKMARK [1][-]{section*.34}{Anomaly Detection}{}% 34
\BOOKMARK [1][-]{section*.35}{Time Series}{}% 35
\BOOKMARK [1][-]{section*.36}{Naive Bayes}{}% 36
\BOOKMARK [1][-]{section*.37}{Statistics}{}% 37
\BOOKMARK [1][-]{section*.38}{A/B Testing}{}% 38
\BOOKMARK [1][-]{section*.39}{Miscellaneous}{}% 39
