\BOOKMARK [1][-]{section*.1}{1. Concepts}{}% 1
\BOOKMARK [1][-]{section*.2}{2. Notation}{}% 2
\BOOKMARK [1][-]{section*.3}{3. Assets}{}% 3
\BOOKMARK [2][-]{section*.4}{- Commodities}{section*.3}% 4
\BOOKMARK [2][-]{section*.5}{- Real State}{section*.3}% 5
\BOOKMARK [2][-]{section*.6}{- Currencies}{section*.3}% 6
\BOOKMARK [2][-]{section*.7}{- Stocks}{section*.3}% 7
\BOOKMARK [2][-]{section*.8}{- Bonds}{section*.3}% 8
\BOOKMARK [1][-]{section*.9}{4. Credit Risk}{}% 9
\BOOKMARK [2][-]{section*.10}{CVA and DVA}{section*.9}% 10
\BOOKMARK [1][-]{section*.11}{5. Derivatives}{}% 11
\BOOKMARK [2][-]{section*.12}{Forward contracts}{section*.11}% 12
\BOOKMARK [2][-]{section*.13}{Future contracts}{section*.11}% 13
\BOOKMARK [2][-]{section*.14}{Difference Forward and Future}{section*.11}% 14
\BOOKMARK [2][-]{section*.15}{Options}{section*.11}% 15
\BOOKMARK [2][-]{section*.16}{Swaps: Interest rate swap}{section*.11}% 16
\BOOKMARK [2][-]{section*.17}{Swaps: Currency swap}{section*.11}% 17
\BOOKMARK [2][-]{section*.18}{Swaps: CDS\(Credit default swap\) }{section*.11}% 18
\BOOKMARK [2][-]{section*.19}{Swaps: Quanto }{section*.11}% 19
\BOOKMARK [1][-]{section*.20}{6. Black and Scholles}{}% 20
\BOOKMARK [2][-]{section*.21}{Assumptions}{section*.20}% 21
\BOOKMARK [2][-]{section*.22}{Equation}{section*.20}% 22
\BOOKMARK [1][-]{section*.23}{7. Risk}{}% 23
\BOOKMARK [2][-]{section*.24}{Greeks or Risk sensitivities}{section*.23}% 24
\BOOKMARK [2][-]{section*.25}{VaR \046 ES}{section*.23}% 25
\BOOKMARK [2][-]{section*.26}{PnL}{section*.23}% 26
